---------- Evolution 1 ----------
439
705
738
729
752
740
658
713
765
710
---------- Evolution 2 ----------
470
828
760
668
884
721
720
802
777
735
---------- Evolution 3 ----------
446
789
763
692
910
966
751
1002
720
752
---------- Evolution 4 ----------
457
852
739
710
763
838
761
763
742
699
---------- Evolution 5 ----------
472
734
726
708
817
811
763
757
789
678
---------- Evolution 6 ----------
470
760
701
764
849
747
771
884
757
669
---------- Evolution 7 ----------
462
737
714
729
788
836
687
772
694
776
---------- Evolution 8 ----------
509
696
738
710
758
763
689
764
804
717
---------- Evolution 9 ----------
500
753
808
778
739
812
724
846
740
746
---------- Evolution 10 ----------
493
740
717
728
839
722
736
810
703
756
---------- Evolution 11 ----------
466
1013
748
773
809
730
727
787
771
710
---------- Evolution 12 ----------
514
1060
771
754
766
903
792
930
829
856
---------- Evolution 13 ----------
506
784
977
904
872
774
875
811
774
756
---------- Evolution 14 ----------
676
876
905
762
929
825
728
853
822
798
---------- Evolution 15 ----------
919
804
783
769
760
908
887
802
783
797
---------- Evolution 16 ----------
897
896
805
839
914
834
853
996
913
822
---------- Evolution 17 ----------
862
846
970
999
982
1003
848
819
871
925
---------- Evolution 18 ----------
865
810
791
865
830
851
860
847
855
892
---------- Evolution 19 ----------
835
875
866
875
820
833
928
901
870
836
---------- Evolution 20 ----------
874
896
809
827
962
849
873
907
845
896
